<?xml version="1.0" encoding="UTF-8"?>
<!-- Generated by org.testng.reporters.JUnitReportReporter -->
<testsuite hostname="jawad" failures="0" tests="1" name="LoginPageSaleForce.HomePageSaleForceProject" time="15.829" errors="0" timestamp="2023-12-07T20:52:54 EST" skipped="0">
  <testcase classname="LoginPageSaleForce.HomePageSaleForceProject" name="testCase3CheckRememberMe" time="15.829"/>
</testsuite> <!-- LoginPageSaleForce.HomePageSaleForceProject -->
